<?xml version="1.0" encoding="UTF-8"?>
<!-- Generated by org.testng.reporters.JUnitReportReporter -->
<testsuite hostname="INC00757" name="com.incture.proj.testNg.LoginTest" tests="1" failures="0" timestamp="22 Dec 2017 07:25:17 GMT" time="30.423" errors="0">
  <testcase name="TestLogin" time="30.423" classname="com.incture.proj.testNg.LoginTest"/>
</testsuite> <!-- com.incture.proj.testNg.LoginTest -->
